{"/Users/mikker/dev/holepunch/pear-link/index.js":{"path":"/Users/mikker/dev/holepunch/pear-link/index.js","all":false,"statementMap":{"0":{"start":{"line":1,"column":0},"end":{"line":1,"column":12}},"1":{"start":{"line":2,"column":0},"end":{"line":2,"column":28}},"2":{"start":{"line":3,"column":0},"end":{"line":3,"column":51}},"3":{"start":{"line":4,"column":0},"end":{"line":4,"column":43}},"4":{"start":{"line":5,"column":0},"end":{"line":5,"column":44}},"5":{"start":{"line":6,"column":0},"end":{"line":6,"column":20}},"6":{"start":{"line":7,"column":0},"end":{"line":7,"column":20}},"7":{"start":{"line":8,"column":0},"end":{"line":8,"column":17}},"8":{"start":{"line":9,"column":0},"end":{"line":9,"column":0}},"9":{"start":{"line":10,"column":0},"end":{"line":10,"column":31}},"10":{"start":{"line":11,"column":0},"end":{"line":11,"column":7}},"11":{"start":{"line":12,"column":0},"end":{"line":12,"column":24}},"12":{"start":{"line":13,"column":0},"end":{"line":13,"column":17}},"13":{"start":{"line":14,"column":0},"end":{"line":14,"column":32}},"14":{"start":{"line":15,"column":0},"end":{"line":15,"column":78}},"15":{"start":{"line":16,"column":0},"end":{"line":16,"column":5}},"16":{"start":{"line":17,"column":0},"end":{"line":17,"column":13}},"17":{"start":{"line":18,"column":0},"end":{"line":18,"column":3}},"18":{"start":{"line":19,"column":0},"end":{"line":19,"column":1}},"19":{"start":{"line":20,"column":0},"end":{"line":20,"column":0}},"20":{"start":{"line":21,"column":0},"end":{"line":21,"column":16}},"21":{"start":{"line":22,"column":0},"end":{"line":22,"column":19}},"22":{"start":{"line":23,"column":0},"end":{"line":23,"column":71}},"23":{"start":{"line":24,"column":0},"end":{"line":24,"column":39}},"24":{"start":{"line":25,"column":0},"end":{"line":25,"column":58}},"25":{"start":{"line":26,"column":0},"end":{"line":26,"column":68}},"26":{"start":{"line":27,"column":0},"end":{"line":27,"column":3}},"27":{"start":{"line":28,"column":0},"end":{"line":28,"column":0}},"28":{"start":{"line":29,"column":0},"end":{"line":29,"column":16}},"29":{"start":{"line":30,"column":0},"end":{"line":30,"column":50}},"30":{"start":{"line":31,"column":0},"end":{"line":31,"column":70}},"31":{"start":{"line":32,"column":0},"end":{"line":32,"column":76}},"32":{"start":{"line":33,"column":0},"end":{"line":33,"column":43}},"33":{"start":{"line":34,"column":0},"end":{"line":34,"column":28}},"34":{"start":{"line":35,"column":0},"end":{"line":35,"column":57}},"35":{"start":{"line":36,"column":0},"end":{"line":36,"column":20}},"36":{"start":{"line":37,"column":0},"end":{"line":37,"column":19}},"37":{"start":{"line":38,"column":0},"end":{"line":38,"column":21}},"38":{"start":{"line":39,"column":0},"end":{"line":39,"column":12}},"39":{"start":{"line":40,"column":0},"end":{"line":40,"column":44}},"40":{"start":{"line":41,"column":0},"end":{"line":41,"column":7}},"41":{"start":{"line":42,"column":0},"end":{"line":42,"column":38}},"42":{"start":{"line":43,"column":0},"end":{"line":43,"column":18}},"43":{"start":{"line":44,"column":0},"end":{"line":44,"column":62}},"44":{"start":{"line":45,"column":0},"end":{"line":45,"column":5}},"45":{"start":{"line":46,"column":0},"end":{"line":46,"column":52}},"46":{"start":{"line":47,"column":0},"end":{"line":47,"column":15}},"47":{"start":{"line":48,"column":0},"end":{"line":48,"column":15}},"48":{"start":{"line":49,"column":0},"end":{"line":49,"column":13}},"49":{"start":{"line":50,"column":0},"end":{"line":50,"column":11}},"50":{"start":{"line":51,"column":0},"end":{"line":51,"column":11}},"51":{"start":{"line":52,"column":0},"end":{"line":52,"column":6}},"52":{"start":{"line":53,"column":0},"end":{"line":53,"column":3}},"53":{"start":{"line":54,"column":0},"end":{"line":54,"column":0}},"54":{"start":{"line":55,"column":0},"end":{"line":55,"column":15}},"55":{"start":{"line":56,"column":0},"end":{"line":56,"column":68}},"56":{"start":{"line":57,"column":0},"end":{"line":57,"column":18}},"57":{"start":{"line":58,"column":0},"end":{"line":58,"column":47}},"58":{"start":{"line":59,"column":0},"end":{"line":59,"column":44}},"59":{"start":{"line":60,"column":0},"end":{"line":60,"column":71}},"60":{"start":{"line":61,"column":0},"end":{"line":61,"column":36}},"61":{"start":{"line":62,"column":0},"end":{"line":62,"column":65}},"62":{"start":{"line":63,"column":0},"end":{"line":63,"column":5}},"63":{"start":{"line":64,"column":0},"end":{"line":64,"column":73}},"64":{"start":{"line":65,"column":0},"end":{"line":65,"column":60}},"65":{"start":{"line":66,"column":0},"end":{"line":66,"column":51}},"66":{"start":{"line":67,"column":0},"end":{"line":67,"column":69}},"67":{"start":{"line":68,"column":0},"end":{"line":68,"column":28}},"68":{"start":{"line":69,"column":0},"end":{"line":69,"column":39}},"69":{"start":{"line":70,"column":0},"end":{"line":70,"column":44}},"70":{"start":{"line":71,"column":0},"end":{"line":71,"column":68}},"71":{"start":{"line":72,"column":0},"end":{"line":72,"column":28}},"72":{"start":{"line":73,"column":0},"end":{"line":73,"column":78}},"73":{"start":{"line":74,"column":0},"end":{"line":74,"column":7}},"74":{"start":{"line":75,"column":0},"end":{"line":75,"column":14}},"75":{"start":{"line":76,"column":0},"end":{"line":76,"column":17}},"76":{"start":{"line":77,"column":0},"end":{"line":77,"column":17}},"77":{"start":{"line":78,"column":0},"end":{"line":78,"column":15}},"78":{"start":{"line":79,"column":0},"end":{"line":79,"column":13}},"79":{"start":{"line":80,"column":0},"end":{"line":80,"column":70}},"80":{"start":{"line":81,"column":0},"end":{"line":81,"column":16}},"81":{"start":{"line":82,"column":0},"end":{"line":82,"column":20}},"82":{"start":{"line":83,"column":0},"end":{"line":83,"column":23}},"83":{"start":{"line":84,"column":0},"end":{"line":84,"column":21}},"84":{"start":{"line":85,"column":0},"end":{"line":85,"column":20}},"85":{"start":{"line":86,"column":0},"end":{"line":86,"column":9}},"86":{"start":{"line":87,"column":0},"end":{"line":87,"column":7}},"87":{"start":{"line":88,"column":0},"end":{"line":88,"column":35}},"88":{"start":{"line":89,"column":0},"end":{"line":89,"column":69}},"89":{"start":{"line":90,"column":0},"end":{"line":90,"column":46}},"90":{"start":{"line":91,"column":0},"end":{"line":91,"column":0}},"91":{"start":{"line":92,"column":0},"end":{"line":92,"column":24}},"92":{"start":{"line":93,"column":0},"end":{"line":93,"column":40}},"93":{"start":{"line":94,"column":0},"end":{"line":94,"column":63}},"94":{"start":{"line":95,"column":0},"end":{"line":95,"column":44}},"95":{"start":{"line":96,"column":0},"end":{"line":96,"column":51}},"96":{"start":{"line":97,"column":0},"end":{"line":97,"column":38}},"97":{"start":{"line":98,"column":0},"end":{"line":98,"column":57}},"98":{"start":{"line":99,"column":0},"end":{"line":99,"column":16}},"99":{"start":{"line":100,"column":0},"end":{"line":100,"column":19}},"100":{"start":{"line":101,"column":0},"end":{"line":101,"column":19}},"101":{"start":{"line":102,"column":0},"end":{"line":102,"column":17}},"102":{"start":{"line":103,"column":0},"end":{"line":103,"column":15}},"103":{"start":{"line":104,"column":0},"end":{"line":104,"column":17}},"104":{"start":{"line":105,"column":0},"end":{"line":105,"column":18}},"105":{"start":{"line":106,"column":0},"end":{"line":106,"column":16}},"106":{"start":{"line":107,"column":0},"end":{"line":107,"column":25}},"107":{"start":{"line":108,"column":0},"end":{"line":108,"column":23}},"108":{"start":{"line":109,"column":0},"end":{"line":109,"column":23}},"109":{"start":{"line":110,"column":0},"end":{"line":110,"column":17}},"110":{"start":{"line":111,"column":0},"end":{"line":111,"column":11}},"111":{"start":{"line":112,"column":0},"end":{"line":112,"column":9}},"112":{"start":{"line":113,"column":0},"end":{"line":113,"column":7}},"113":{"start":{"line":114,"column":0},"end":{"line":114,"column":0}},"114":{"start":{"line":115,"column":0},"end":{"line":115,"column":24}},"115":{"start":{"line":116,"column":0},"end":{"line":116,"column":41}},"116":{"start":{"line":117,"column":0},"end":{"line":117,"column":58}},"117":{"start":{"line":118,"column":0},"end":{"line":118,"column":7}},"118":{"start":{"line":119,"column":0},"end":{"line":119,"column":0}},"119":{"start":{"line":120,"column":0},"end":{"line":120,"column":59}},"120":{"start":{"line":121,"column":0},"end":{"line":121,"column":65}},"121":{"start":{"line":122,"column":0},"end":{"line":122,"column":42}},"122":{"start":{"line":123,"column":0},"end":{"line":123,"column":49}},"123":{"start":{"line":124,"column":0},"end":{"line":124,"column":38}},"124":{"start":{"line":125,"column":0},"end":{"line":125,"column":0}},"125":{"start":{"line":126,"column":0},"end":{"line":126,"column":24}},"126":{"start":{"line":127,"column":0},"end":{"line":127,"column":52}},"127":{"start":{"line":128,"column":0},"end":{"line":128,"column":69}},"128":{"start":{"line":129,"column":0},"end":{"line":129,"column":60}},"129":{"start":{"line":130,"column":0},"end":{"line":130,"column":9}},"130":{"start":{"line":131,"column":0},"end":{"line":131,"column":16}},"131":{"start":{"line":132,"column":0},"end":{"line":132,"column":19}},"132":{"start":{"line":133,"column":0},"end":{"line":133,"column":19}},"133":{"start":{"line":134,"column":0},"end":{"line":134,"column":17}},"134":{"start":{"line":135,"column":0},"end":{"line":135,"column":15}},"135":{"start":{"line":136,"column":0},"end":{"line":136,"column":17}},"136":{"start":{"line":137,"column":0},"end":{"line":137,"column":18}},"137":{"start":{"line":138,"column":0},"end":{"line":138,"column":16}},"138":{"start":{"line":139,"column":0},"end":{"line":139,"column":35}},"139":{"start":{"line":140,"column":0},"end":{"line":140,"column":31}},"140":{"start":{"line":141,"column":0},"end":{"line":141,"column":23}},"141":{"start":{"line":142,"column":0},"end":{"line":142,"column":17}},"142":{"start":{"line":143,"column":0},"end":{"line":143,"column":11}},"143":{"start":{"line":144,"column":0},"end":{"line":144,"column":9}},"144":{"start":{"line":145,"column":0},"end":{"line":145,"column":7}},"145":{"start":{"line":146,"column":0},"end":{"line":146,"column":0}},"146":{"start":{"line":147,"column":0},"end":{"line":147,"column":24}},"147":{"start":{"line":148,"column":0},"end":{"line":148,"column":58}},"148":{"start":{"line":149,"column":0},"end":{"line":149,"column":69}},"149":{"start":{"line":150,"column":0},"end":{"line":150,"column":60}},"150":{"start":{"line":151,"column":0},"end":{"line":151,"column":9}},"151":{"start":{"line":152,"column":0},"end":{"line":152,"column":0}},"152":{"start":{"line":153,"column":0},"end":{"line":153,"column":16}},"153":{"start":{"line":154,"column":0},"end":{"line":154,"column":19}},"154":{"start":{"line":155,"column":0},"end":{"line":155,"column":19}},"155":{"start":{"line":156,"column":0},"end":{"line":156,"column":17}},"156":{"start":{"line":157,"column":0},"end":{"line":157,"column":15}},"157":{"start":{"line":158,"column":0},"end":{"line":158,"column":17}},"158":{"start":{"line":159,"column":0},"end":{"line":159,"column":18}},"159":{"start":{"line":160,"column":0},"end":{"line":160,"column":16}},"160":{"start":{"line":161,"column":0},"end":{"line":161,"column":35}},"161":{"start":{"line":162,"column":0},"end":{"line":162,"column":31}},"162":{"start":{"line":163,"column":0},"end":{"line":163,"column":38}},"163":{"start":{"line":164,"column":0},"end":{"line":164,"column":17}},"164":{"start":{"line":165,"column":0},"end":{"line":165,"column":11}},"165":{"start":{"line":166,"column":0},"end":{"line":166,"column":9}},"166":{"start":{"line":167,"column":0},"end":{"line":167,"column":7}},"167":{"start":{"line":168,"column":0},"end":{"line":168,"column":0}},"168":{"start":{"line":169,"column":0},"end":{"line":169,"column":56}},"169":{"start":{"line":170,"column":0},"end":{"line":170,"column":5}},"170":{"start":{"line":171,"column":0},"end":{"line":171,"column":0}},"171":{"start":{"line":172,"column":0},"end":{"line":172,"column":61}},"172":{"start":{"line":173,"column":0},"end":{"line":173,"column":3}},"173":{"start":{"line":174,"column":0},"end":{"line":174,"column":1}},"174":{"start":{"line":175,"column":0},"end":{"line":175,"column":0}},"175":{"start":{"line":176,"column":0},"end":{"line":176,"column":31}}},"s":{"0":1,"1":1,"2":1,"3":1,"4":1,"5":1,"6":1,"7":1,"8":1,"9":18,"10":18,"11":18,"12":18,"13":2,"14":2,"15":2,"16":0,"17":0,"18":18,"19":1,"20":1,"21":1,"22":24,"23":24,"24":24,"25":24,"26":24,"27":1,"28":1,"29":7,"30":7,"31":7,"32":7,"33":7,"34":3,"35":3,"36":3,"37":3,"38":3,"39":3,"40":3,"41":3,"42":3,"43":3,"44":3,"45":1,"46":1,"47":1,"48":1,"49":1,"50":1,"51":1,"52":7,"53":1,"54":1,"55":64,"56":61,"57":64,"58":26,"59":64,"60":64,"61":64,"62":64,"63":64,"64":64,"65":64,"66":64,"67":64,"68":24,"69":24,"70":24,"71":24,"72":1,"73":1,"74":23,"75":23,"76":23,"77":23,"78":23,"79":23,"80":23,"81":23,"82":23,"83":23,"84":23,"85":23,"86":23,"87":64,"88":35,"89":35,"90":35,"91":35,"92":19,"93":19,"94":19,"95":19,"96":19,"97":19,"98":19,"99":19,"100":19,"101":19,"102":19,"103":19,"104":19,"105":19,"106":19,"107":19,"108":19,"109":19,"110":19,"111":19,"112":19,"113":16,"114":35,"115":1,"116":1,"117":1,"118":15,"119":35,"120":35,"121":35,"122":35,"123":35,"124":35,"125":35,"126":7,"127":7,"128":2,"129":2,"130":5,"131":5,"132":5,"133":5,"134":5,"135":5,"136":5,"137":5,"138":5,"139":5,"140":5,"141":5,"142":5,"143":5,"144":5,"145":7,"146":7,"147":7,"148":7,"149":2,"150":2,"151":5,"152":5,"153":5,"154":5,"155":5,"156":5,"157":5,"158":5,"159":5,"160":5,"161":5,"162":5,"163":5,"164":5,"165":5,"166":5,"167":0,"168":0,"169":0,"170":2,"171":2,"172":64,"173":1,"174":1,"175":1},"branchMap":{"0":{"type":"branch","line":10,"loc":{"start":{"line":10,"column":0},"end":{"line":19,"column":1}},"locations":[{"start":{"line":10,"column":0},"end":{"line":19,"column":1}}]},"1":{"type":"branch","line":13,"loc":{"start":{"line":13,"column":4},"end":{"line":18,"column":3}},"locations":[{"start":{"line":13,"column":4},"end":{"line":18,"column":3}}]},"2":{"type":"branch","line":17,"loc":{"start":{"line":17,"column":-1},"end":{"line":18,"column":3}},"locations":[{"start":{"line":17,"column":-1},"end":{"line":18,"column":3}}]},"3":{"type":"branch","line":22,"loc":{"start":{"line":22,"column":2},"end":{"line":27,"column":3}},"locations":[{"start":{"line":22,"column":2},"end":{"line":27,"column":3}}]},"4":{"type":"branch","line":25,"loc":{"start":{"line":25,"column":32},"end":{"line":25,"column":51}},"locations":[{"start":{"line":25,"column":32},"end":{"line":25,"column":51}}]},"5":{"type":"branch","line":25,"loc":{"start":{"line":25,"column":52},"end":{"line":25,"column":58}},"locations":[{"start":{"line":25,"column":52},"end":{"line":25,"column":58}}]},"6":{"type":"branch","line":26,"loc":{"start":{"line":26,"column":5},"end":{"line":26,"column":68}},"locations":[{"start":{"line":26,"column":5},"end":{"line":26,"column":68}}]},"7":{"type":"branch","line":29,"loc":{"start":{"line":29,"column":2},"end":{"line":53,"column":3}},"locations":[{"start":{"line":29,"column":2},"end":{"line":53,"column":3}}]},"8":{"type":"branch","line":30,"loc":{"start":{"line":30,"column":23},"end":{"line":30,"column":46}},"locations":[{"start":{"line":30,"column":23},"end":{"line":30,"column":46}}]},"9":{"type":"branch","line":30,"loc":{"start":{"line":30,"column":47},"end":{"line":30,"column":50}},"locations":[{"start":{"line":30,"column":47},"end":{"line":30,"column":50}}]},"10":{"type":"branch","line":32,"loc":{"start":{"line":32,"column":27},"end":{"line":32,"column":76}},"locations":[{"start":{"line":32,"column":27},"end":{"line":32,"column":76}}]},"11":{"type":"branch","line":33,"loc":{"start":{"line":33,"column":-1},"end":{"line":33,"column":18}},"locations":[{"start":{"line":33,"column":-1},"end":{"line":33,"column":18}}]},"12":{"type":"branch","line":33,"loc":{"start":{"line":33,"column":18},"end":{"line":33,"column":26}},"locations":[{"start":{"line":33,"column":18},"end":{"line":33,"column":26}}]},"13":{"type":"branch","line":33,"loc":{"start":{"line":33,"column":28},"end":{"line":33,"column":43}},"locations":[{"start":{"line":33,"column":28},"end":{"line":33,"column":43}}]},"14":{"type":"branch","line":34,"loc":{"start":{"line":34,"column":-1},"end":{"line":34,"column":27}},"locations":[{"start":{"line":34,"column":-1},"end":{"line":34,"column":27}}]},"15":{"type":"branch","line":34,"loc":{"start":{"line":34,"column":27},"end":{"line":45,"column":5}},"locations":[{"start":{"line":34,"column":27},"end":{"line":45,"column":5}}]},"16":{"type":"branch","line":40,"loc":{"start":{"line":40,"column":19},"end":{"line":40,"column":44}},"locations":[{"start":{"line":40,"column":19},"end":{"line":40,"column":44}}]},"17":{"type":"branch","line":46,"loc":{"start":{"line":46,"column":-1},"end":{"line":53,"column":2}},"locations":[{"start":{"line":46,"column":-1},"end":{"line":53,"column":2}}]},"18":{"type":"branch","line":42,"loc":{"start":{"line":42,"column":16},"end":{"line":42,"column":37}},"locations":[{"start":{"line":42,"column":16},"end":{"line":42,"column":37}}]},"19":{"type":"branch","line":42,"loc":{"start":{"line":42,"column":26},"end":{"line":42,"column":31}},"locations":[{"start":{"line":42,"column":26},"end":{"line":42,"column":31}}]},"20":{"type":"branch","line":55,"loc":{"start":{"line":55,"column":2},"end":{"line":173,"column":3}},"locations":[{"start":{"line":55,"column":2},"end":{"line":173,"column":3}}]},"21":{"type":"branch","line":56,"loc":{"start":{"line":56,"column":15},"end":{"line":56,"column":68}},"locations":[{"start":{"line":56,"column":15},"end":{"line":56,"column":68}}]},"22":{"type":"branch","line":57,"loc":{"start":{"line":57,"column":-1},"end":{"line":58,"column":45}},"locations":[{"start":{"line":57,"column":-1},"end":{"line":58,"column":45}}]},"23":{"type":"branch","line":58,"loc":{"start":{"line":58,"column":45},"end":{"line":59,"column":44}},"locations":[{"start":{"line":58,"column":45},"end":{"line":59,"column":44}}]},"24":{"type":"branch","line":60,"loc":{"start":{"line":60,"column":34},"end":{"line":60,"column":52}},"locations":[{"start":{"line":60,"column":34},"end":{"line":60,"column":52}}]},"25":{"type":"branch","line":60,"loc":{"start":{"line":60,"column":53},"end":{"line":60,"column":71}},"locations":[{"start":{"line":60,"column":53},"end":{"line":60,"column":71}}]},"26":{"type":"branch","line":65,"loc":{"start":{"line":65,"column":6},"end":{"line":65,"column":60}},"locations":[{"start":{"line":65,"column":6},"end":{"line":65,"column":60}}]},"27":{"type":"branch","line":66,"loc":{"start":{"line":66,"column":6},"end":{"line":66,"column":51}},"locations":[{"start":{"line":66,"column":6},"end":{"line":66,"column":51}}]},"28":{"type":"branch","line":66,"loc":{"start":{"line":66,"column":23},"end":{"line":66,"column":43}},"locations":[{"start":{"line":66,"column":23},"end":{"line":66,"column":43}}]},"29":{"type":"branch","line":66,"loc":{"start":{"line":66,"column":44},"end":{"line":66,"column":50}},"locations":[{"start":{"line":66,"column":44},"end":{"line":66,"column":50}}]},"30":{"type":"branch","line":68,"loc":{"start":{"line":68,"column":27},"end":{"line":88,"column":5}},"locations":[{"start":{"line":68,"column":27},"end":{"line":88,"column":5}}]},"31":{"type":"branch","line":71,"loc":{"start":{"line":71,"column":21},"end":{"line":71,"column":68}},"locations":[{"start":{"line":71,"column":21},"end":{"line":71,"column":68}}]},"32":{"type":"branch","line":72,"loc":{"start":{"line":72,"column":27},"end":{"line":74,"column":7}},"locations":[{"start":{"line":72,"column":27},"end":{"line":74,"column":7}}]},"33":{"type":"branch","line":75,"loc":{"start":{"line":75,"column":-1},"end":{"line":88,"column":5}},"locations":[{"start":{"line":75,"column":-1},"end":{"line":88,"column":5}}]},"34":{"type":"branch","line":88,"loc":{"start":{"line":88,"column":5},"end":{"line":170,"column":5}},"locations":[{"start":{"line":88,"column":5},"end":{"line":170,"column":5}}]},"35":{"type":"branch","line":88,"loc":{"start":{"line":88,"column":34},"end":{"line":170,"column":5}},"locations":[{"start":{"line":88,"column":34},"end":{"line":170,"column":5}}]},"36":{"type":"branch","line":92,"loc":{"start":{"line":92,"column":23},"end":{"line":113,"column":7}},"locations":[{"start":{"line":92,"column":23},"end":{"line":113,"column":7}}]},"37":{"type":"branch","line":94,"loc":{"start":{"line":94,"column":38},"end":{"line":94,"column":63}},"locations":[{"start":{"line":94,"column":38},"end":{"line":94,"column":63}}]},"38":{"type":"branch","line":96,"loc":{"start":{"line":96,"column":10},"end":{"line":96,"column":51}},"locations":[{"start":{"line":96,"column":10},"end":{"line":96,"column":51}}]},"39":{"type":"branch","line":97,"loc":{"start":{"line":97,"column":10},"end":{"line":97,"column":38}},"locations":[{"start":{"line":97,"column":10},"end":{"line":97,"column":38}}]},"40":{"type":"branch","line":98,"loc":{"start":{"line":98,"column":40},"end":{"line":98,"column":50}},"locations":[{"start":{"line":98,"column":40},"end":{"line":98,"column":50}}]},"41":{"type":"branch","line":98,"loc":{"start":{"line":98,"column":51},"end":{"line":98,"column":57}},"locations":[{"start":{"line":98,"column":51},"end":{"line":98,"column":57}}]},"42":{"type":"branch","line":114,"loc":{"start":{"line":114,"column":-1},"end":{"line":115,"column":23}},"locations":[{"start":{"line":114,"column":-1},"end":{"line":115,"column":23}}]},"43":{"type":"branch","line":115,"loc":{"start":{"line":115,"column":23},"end":{"line":118,"column":7}},"locations":[{"start":{"line":115,"column":23},"end":{"line":118,"column":7}}]},"44":{"type":"branch","line":119,"loc":{"start":{"line":119,"column":-1},"end":{"line":120,"column":40}},"locations":[{"start":{"line":119,"column":-1},"end":{"line":120,"column":40}}]},"45":{"type":"branch","line":120,"loc":{"start":{"line":120,"column":40},"end":{"line":120,"column":52}},"locations":[{"start":{"line":120,"column":40},"end":{"line":120,"column":52}}]},"46":{"type":"branch","line":120,"loc":{"start":{"line":120,"column":53},"end":{"line":120,"column":59}},"locations":[{"start":{"line":120,"column":53},"end":{"line":120,"column":59}}]},"47":{"type":"branch","line":121,"loc":{"start":{"line":121,"column":38},"end":{"line":121,"column":65}},"locations":[{"start":{"line":121,"column":38},"end":{"line":121,"column":65}}]},"48":{"type":"branch","line":123,"loc":{"start":{"line":123,"column":8},"end":{"line":123,"column":49}},"locations":[{"start":{"line":123,"column":8},"end":{"line":123,"column":49}}]},"49":{"type":"branch","line":124,"loc":{"start":{"line":124,"column":8},"end":{"line":124,"column":38}},"locations":[{"start":{"line":124,"column":8},"end":{"line":124,"column":38}}]},"50":{"type":"branch","line":126,"loc":{"start":{"line":126,"column":23},"end":{"line":145,"column":7}},"locations":[{"start":{"line":126,"column":23},"end":{"line":145,"column":7}}]},"51":{"type":"branch","line":128,"loc":{"start":{"line":128,"column":37},"end":{"line":128,"column":66}},"locations":[{"start":{"line":128,"column":37},"end":{"line":128,"column":66}}]},"52":{"type":"branch","line":128,"loc":{"start":{"line":128,"column":68},"end":{"line":130,"column":9}},"locations":[{"start":{"line":128,"column":68},"end":{"line":130,"column":9}}]},"53":{"type":"branch","line":131,"loc":{"start":{"line":131,"column":-1},"end":{"line":145,"column":7}},"locations":[{"start":{"line":131,"column":-1},"end":{"line":145,"column":7}}]},"54":{"type":"branch","line":146,"loc":{"start":{"line":146,"column":-1},"end":{"line":167,"column":7}},"locations":[{"start":{"line":146,"column":-1},"end":{"line":167,"column":7}}]},"55":{"type":"branch","line":149,"loc":{"start":{"line":149,"column":37},"end":{"line":149,"column":66}},"locations":[{"start":{"line":149,"column":37},"end":{"line":149,"column":66}}]},"56":{"type":"branch","line":149,"loc":{"start":{"line":149,"column":68},"end":{"line":151,"column":9}},"locations":[{"start":{"line":149,"column":68},"end":{"line":151,"column":9}}]},"57":{"type":"branch","line":152,"loc":{"start":{"line":152,"column":-1},"end":{"line":167,"column":7}},"locations":[{"start":{"line":152,"column":-1},"end":{"line":167,"column":7}}]},"58":{"type":"branch","line":168,"loc":{"start":{"line":168,"column":-1},"end":{"line":170,"column":5}},"locations":[{"start":{"line":168,"column":-1},"end":{"line":170,"column":5}}]},"59":{"type":"branch","line":171,"loc":{"start":{"line":171,"column":-1},"end":{"line":173,"column":2}},"locations":[{"start":{"line":171,"column":-1},"end":{"line":173,"column":2}}]},"60":{"type":"branch","line":62,"loc":{"start":{"line":62,"column":34},"end":{"line":62,"column":64}},"locations":[{"start":{"line":62,"column":34},"end":{"line":62,"column":64}}]}},"b":{"0":[18],"1":[2],"2":[0],"3":[24],"4":[9],"5":[15],"6":[0],"7":[7],"8":[2],"9":[5],"10":[3],"11":[4],"12":[3],"13":[2],"14":[4],"15":[3],"16":[0],"17":[1],"18":[12],"19":[9],"20":[64],"21":[3],"22":[61],"23":[26],"24":[15],"25":[5],"26":[4],"27":[57],"28":[11],"29":[46],"30":[24],"31":[0],"32":[1],"33":[23],"34":[37],"35":[35],"36":[19],"37":[8],"38":[14],"39":[4],"40":[11],"41":[7],"42":[16],"43":[1],"44":[15],"45":[5],"46":[10],"47":[10],"48":[5],"49":[9],"50":[7],"51":[6],"52":[2],"53":[5],"54":[7],"55":[6],"56":[2],"57":[5],"58":[0],"59":[2],"60":[305]},"fnMap":{"0":{"name":"decode","decl":{"start":{"line":10,"column":0},"end":{"line":19,"column":1}},"loc":{"start":{"line":10,"column":0},"end":{"line":19,"column":1}},"line":10},"1":{"name":"normalize","decl":{"start":{"line":22,"column":2},"end":{"line":27,"column":3}},"loc":{"start":{"line":22,"column":2},"end":{"line":27,"column":3}},"line":22},"2":{"name":"serialize","decl":{"start":{"line":29,"column":2},"end":{"line":53,"column":3}},"loc":{"start":{"line":29,"column":2},"end":{"line":53,"column":3}},"line":29},"3":{"name":"parse","decl":{"start":{"line":55,"column":2},"end":{"line":173,"column":3}},"loc":{"start":{"line":55,"column":2},"end":{"line":173,"column":3}},"line":55}},"f":{"0":18,"1":24,"2":7,"3":64}}}